Fitting 5 folds for each of 18 candidates, totalling 90 fits
[CV] max_features=100, learning_rate=0.05, max_depth=3 ...............
[CV]  max_features=100, learning_rate=0.05, max_depth=3, score=0.935081 - 3.6min
[CV] max_features=22, learning_rate=0.1, max_depth=3 .................
[CV]  max_features=22, learning_rate=0.1, max_depth=3, score=0.938826 -  45.8s
[CV] max_features=100, learning_rate=0.1, max_depth=3 ................
[CV]  max_features=100, learning_rate=0.1, max_depth=3, score=0.913642 - 2.8min
[CV] max_features=22, learning_rate=0.05, max_depth=3 ................
[CV]  max_features=22, learning_rate=0.05, max_depth=3, score=0.931164 -  47.4s
[CV] max_features=100, learning_rate=0.05, max_depth=4 ...............
[CV]  max_features=100, learning_rate=0.05, max_depth=4, score=0.923655 - 3.4min
[CV] max_features=22, learning_rate=0.1, max_depth=3 .................
[CV]  max_features=22, learning_rate=0.1, max_depth=3, score=0.932416 -  40.4s
[CV] max_features=22, learning_rate=0.1, max_depth=4 .................
[CV]  max_features=22, learning_rate=0.1, max_depth=4, score=0.926342 -  28.4s
[CV] max_features=22, learning_rate=0.1, max_depth=4 .................
[CV]  max_features=22, learning_rate=0.1, max_depth=4, score=0.942500 -  30.6s
[CV] max_features=100, learning_rate=0.1, max_depth=4 ................
[CV]  max_features=100, learning_rate=0.1, max_depth=4, score=0.923845 - 1.7min
[CV] max_features=300, learning_rate=0.05, max_depth=2 ...............
[CV]  max_features=300, learning_rate=0.05, max_depth=2, score=0.937422 - 5.9min
[CV] max_features=100, learning_rate=0.1, max_depth=4 ................
[CV]  max_features=100, learning_rate=0.1, max_depth=4, score=0.937578 - 1.9min
[CV] max_features=300, learning_rate=0.05, max_depth=2 ...............
[CV]  max_features=300, learning_rate=0.05, max_depth=2, score=0.911139 - 5.9min
[CV] max_features=100, learning_rate=0.1, max_depth=4 ................
[CV]  max_features=100, learning_rate=0.1, max_depth=4, score=0.940000 - 1.9min
[CV] max_features=22, learning_rate=0.05, max_depth=2 ................
[CV]  max_features=22, learning_rate=0.05, max_depth=2, score=0.915106 -  29.8s
[CV] max_features=22, learning_rate=0.05, max_depth=4 ................
[CV]  max_features=22, learning_rate=0.05, max_depth=4, score=0.932416 - 1.1min
[CV] max_features=22, learning_rate=0.1, max_depth=2 .................
[CV]  max_features=22, learning_rate=0.1, max_depth=2, score=0.938826 -  33.8s
[CV] max_features=100, learning_rate=0.1, max_depth=2 ................
[CV]  max_features=100, learning_rate=0.1, max_depth=2, score=0.936330 - 2.3min
[CV] max_features=100, learning_rate=0.1, max_depth=3 ................
[CV]  max_features=100, learning_rate=0.1, max_depth=3, score=0.941250 - 2.9min
[CV] max_features=300, learning_rate=0.05, max_depth=2 ...............
[CV]  max_features=300, learning_rate=0.05, max_depth=2, score=0.922597 - 6.0min
[CV] max_features=100, learning_rate=0.1, max_depth=4 ................
[CV]  max_features=100, learning_rate=0.1, max_depth=4, score=0.933667 - 1.8min
[CV] max_features=22, learning_rate=0.05, max_depth=2 ................
[CV]  max_features=22, learning_rate=0.05, max_depth=2, score=0.940000 -  30.6s
[CV] max_features=100, learning_rate=0.05, max_depth=4 ...............
[CV]  max_features=100, learning_rate=0.05, max_depth=4, score=0.928839 - 3.7min
[CV] max_features=22, learning_rate=0.1, max_depth=3 .................
[CV]  max_features=22, learning_rate=0.1, max_depth=3, score=0.919900 -  44.2s
[CV] max_features=22, learning_rate=0.1, max_depth=4 .................
[CV]  max_features=22, learning_rate=0.1, max_depth=4, score=0.937578 -  34.3s
[CV] max_features=22, learning_rate=0.1, max_depth=4 .................
[CV]  max_features=22, learning_rate=0.1, max_depth=4, score=0.928661 -  34.3s
[CV] max_features=100, learning_rate=0.1, max_depth=4 ................
[CV]  max_features=100, learning_rate=0.1, max_depth=4, score=0.917397 - 2.0min
[CV] max_features=300, learning_rate=0.05, max_depth=3 ...............
[CV]  max_features=300, learning_rate=0.05, max_depth=3, score=0.938826 - 9.1min
[CV] max_features=300, learning_rate=0.05, max_depth=3 ...............
[CV]  max_features=300, learning_rate=0.05, max_depth=3, score=0.937500 - 9.9min
[CV] max_features=100, learning_rate=0.05, max_depth=2 ...............
[CV]  max_features=100, learning_rate=0.05, max_depth=2, score=0.914894 - 2.0min
[CV] max_features=22, learning_rate=0.1, max_depth=2 .................
[CV]  max_features=22, learning_rate=0.1, max_depth=2, score=0.911139 -  30.5s
[CV] max_features=300, learning_rate=0.1, max_depth=2 ................
[CV]  max_features=300, learning_rate=0.1, max_depth=2, score=0.940075 - 5.9min
[CV] max_features=100, learning_rate=0.05, max_depth=2 ...............
[CV]  max_features=100, learning_rate=0.05, max_depth=2, score=0.937578 - 2.0min
[CV] max_features=22, learning_rate=0.1, max_depth=2 .................
[CV]  max_features=22, learning_rate=0.1, max_depth=2, score=0.934919 -  30.0s
[CV] max_features=300, learning_rate=0.1, max_depth=2 ................
[CV]  max_features=300, learning_rate=0.1, max_depth=2, score=0.926342 - 5.8min
[CV] max_features=100, learning_rate=0.05, max_depth=3 ...............
[CV]  max_features=100, learning_rate=0.05, max_depth=3, score=0.929912 - 3.2min
[CV] max_features=300, learning_rate=0.1, max_depth=2 ................
[CV]  max_features=300, learning_rate=0.1, max_depth=2, score=0.937500 - 5.8min
[CV] max_features=300, learning_rate=0.05, max_depth=3 ...............
[CV]  max_features=300, learning_rate=0.05, max_depth=3, score=0.923655 - 9.2min
[CV] max_features=300, learning_rate=0.05, max_depth=3 ...............
[CV]  max_features=300, learning_rate=0.05, max_depth=3, score=0.922597 - 9.3min
[CV] max_features=100, learning_rate=0.05, max_depth=3 ...............
[CV]  max_features=100, learning_rate=0.05, max_depth=3, score=0.919900 - 3.2min
[CV] max_features=300, learning_rate=0.1, max_depth=2 ................
[CV]  max_features=300, learning_rate=0.1, max_depth=2, score=0.931164 - 5.8min
[CV] max_features=22, learning_rate=0.05, max_depth=3 ................
[CV]  max_features=22, learning_rate=0.05, max_depth=3, score=0.922403 -  47.5s
[CV] max_features=300, learning_rate=0.05, max_depth=4 ...............
[CV]  max_features=300, learning_rate=0.05, max_depth=4, score=0.927591 - 8.9min
[CV] max_features=300, learning_rate=0.05, max_depth=2 ...............
[CV]  max_features=300, learning_rate=0.05, max_depth=2, score=0.938826 - 5.8min
[CV] max_features=22, learning_rate=0.1, max_depth=4 .................
[CV]  max_features=22, learning_rate=0.1, max_depth=4, score=0.909887 -  28.6s
[CV] max_features=300, learning_rate=0.1, max_depth=4 ................
[CV]  max_features=300, learning_rate=0.1, max_depth=4, score=0.925094 - 4.3min
[CV] max_features=100, learning_rate=0.05, max_depth=3 ...............
[CV]  max_features=100, learning_rate=0.05, max_depth=3, score=0.927591 - 3.2min
[CV] max_features=300, learning_rate=0.1, max_depth=2 ................
[CV]  max_features=300, learning_rate=0.1, max_depth=2, score=0.918648 - 5.9min
[CV] max_features=300, learning_rate=0.05, max_depth=2 ...............
[CV]  max_features=300, learning_rate=0.05, max_depth=2, score=0.936250 - 6.6min
[CV] max_features=300, learning_rate=0.1, max_depth=4 ................
[CV]  max_features=300, learning_rate=0.1, max_depth=4, score=0.937578 - 4.8min
[CV] max_features=22, learning_rate=0.05, max_depth=2 ................
[CV]  max_features=22, learning_rate=0.05, max_depth=2, score=0.913642 -  29.3s
[CV] max_features=22, learning_rate=0.05, max_depth=4 ................
[CV]  max_features=22, learning_rate=0.05, max_depth=4, score=0.940000 -  57.3s
[CV] max_features=300, learning_rate=0.05, max_depth=4 ...............
[CV]  max_features=300, learning_rate=0.05, max_depth=4, score=0.922403 - 9.1min
[CV] max_features=22, learning_rate=0.05, max_depth=4 ................
[CV]  max_features=22, learning_rate=0.05, max_depth=4, score=0.921348 -  53.2s
[CV] max_features=300, learning_rate=0.05, max_depth=4 ...............
[CV]  max_features=300, learning_rate=0.05, max_depth=4, score=0.938750 -10.1min
[CV] max_features=300, learning_rate=0.05, max_depth=3 ...............
[CV]  max_features=300, learning_rate=0.05, max_depth=3, score=0.933667 - 9.7min
[CV] max_features=22, learning_rate=0.05, max_depth=2 ................
[CV]  max_features=22, learning_rate=0.05, max_depth=2, score=0.931336 -  30.7s
[CV] max_features=22, learning_rate=0.05, max_depth=4 ................
[CV]  max_features=22, learning_rate=0.05, max_depth=4, score=0.921151 - 1.0min
[CV] max_features=22, learning_rate=0.1, max_depth=2 .................
[CV]  max_features=22, learning_rate=0.1, max_depth=2, score=0.918851 -  34.5s
[CV] max_features=100, learning_rate=0.1, max_depth=2 ................
[CV]  max_features=100, learning_rate=0.1, max_depth=2, score=0.936250 - 2.3min
[CV] max_features=300, learning_rate=0.1, max_depth=3 ................
[CV]  max_features=300, learning_rate=0.1, max_depth=3, score=0.928839 - 6.9min
[CV] max_features=22, learning_rate=0.05, max_depth=4 ................
[CV]  max_features=22, learning_rate=0.05, max_depth=4, score=0.933833 -  57.2s
[CV] max_features=300, learning_rate=0.05, max_depth=4 ...............
[CV]  max_features=300, learning_rate=0.05, max_depth=4, score=0.932416 - 9.9min
[CV] max_features=22, learning_rate=0.05, max_depth=3 ................
[CV]  max_features=22, learning_rate=0.05, max_depth=3, score=0.937578 -  46.6s
[CV] max_features=100, learning_rate=0.05, max_depth=4 ...............
[CV]  max_features=100, learning_rate=0.05, max_depth=4, score=0.934919 - 3.5min
[CV] max_features=100, learning_rate=0.1, max_depth=3 ................
[CV]  max_features=100, learning_rate=0.1, max_depth=3, score=0.937578 - 2.5min
[CV] max_features=300, learning_rate=0.1, max_depth=4 ................
[CV]  max_features=300, learning_rate=0.1, max_depth=4, score=0.937500 - 4.9min
[CV] max_features=22, learning_rate=0.05, max_depth=3 ................
[CV]  max_features=22, learning_rate=0.05, max_depth=3, score=0.940000 -  48.3s
[CV] max_features=300, learning_rate=0.05, max_depth=4 ...............
[CV]  max_features=300, learning_rate=0.05, max_depth=4, score=0.935081 -10.0min
[CV] max_features=100, learning_rate=0.05, max_depth=2 ...............
[CV]  max_features=100, learning_rate=0.05, max_depth=2, score=0.921151 - 2.0min
[CV] max_features=100, learning_rate=0.1, max_depth=2 ................
[CV]  max_features=100, learning_rate=0.1, max_depth=2, score=0.925094 - 2.0min
[CV] max_features=22, learning_rate=0.1, max_depth=3 .................
[CV]  max_features=22, learning_rate=0.1, max_depth=3, score=0.942500 -  41.4s
[CV] max_features=300, learning_rate=0.1, max_depth=3 ................
[CV]  max_features=300, learning_rate=0.1, max_depth=3, score=0.921151 - 6.3min
[CV] max_features=100, learning_rate=0.05, max_depth=3 ...............
[CV]  max_features=100, learning_rate=0.05, max_depth=3, score=0.941250 - 3.5min
[CV] max_features=22, learning_rate=0.1, max_depth=3 .................
[CV]  max_features=22, learning_rate=0.1, max_depth=3, score=0.927591 -  42.0s
[CV] max_features=100, learning_rate=0.1, max_depth=3 ................
[CV]  max_features=100, learning_rate=0.1, max_depth=3, score=0.928839 - 2.6min
[CV] max_features=300, learning_rate=0.1, max_depth=4 ................
[CV]  max_features=300, learning_rate=0.1, max_depth=4, score=0.932416 - 4.9min
[CV] max_features=100, learning_rate=0.05, max_depth=2 ...............
[CV]  max_features=100, learning_rate=0.05, max_depth=2, score=0.920100 - 2.0min
[CV] max_features=22, learning_rate=0.1, max_depth=2 .................
[CV]  max_features=22, learning_rate=0.1, max_depth=2, score=0.941250 -  30.0s
[CV] max_features=100, learning_rate=0.1, max_depth=2 ................
[CV]  max_features=100, learning_rate=0.1, max_depth=2, score=0.917397 - 2.0min
[CV] max_features=300, learning_rate=0.1, max_depth=3 ................
[CV]  max_features=300, learning_rate=0.1, max_depth=3, score=0.941323 - 6.7min
[CV] max_features=100, learning_rate=0.05, max_depth=2 ...............
[CV]  max_features=100, learning_rate=0.05, max_depth=2, score=0.935000 - 2.3min
[CV] max_features=100, learning_rate=0.1, max_depth=2 ................
[CV]  max_features=100, learning_rate=0.1, max_depth=2, score=0.927409 - 2.3min
[CV] max_features=300, learning_rate=0.1, max_depth=3 ................
[CV]  max_features=300, learning_rate=0.1, max_depth=3, score=0.936170 - 7.1min
[CV] max_features=22, learning_rate=0.05, max_depth=3 ................
[CV]  max_features=22, learning_rate=0.05, max_depth=3, score=0.925094 -  46.3s
[CV] max_features=100, learning_rate=0.05, max_depth=4 ...............
[CV]  max_features=100, learning_rate=0.05, max_depth=4, score=0.937500 - 3.6min
[CV] max_features=100, learning_rate=0.1, max_depth=3 ................
[CV]  max_features=100, learning_rate=0.1, max_depth=3, score=0.936170 - 2.4min
[CV] max_features=300, learning_rate=0.1, max_depth=4 ................
[CV]  max_features=300, learning_rate=0.1, max_depth=4, score=0.921151 - 4.6min
GridSearchCV took 1219.67 seconds for 18 candidate parameter settings.
Parameters with rank: 1
Mean validation score: 0.9325 (std: 0.0069)
Parameters: {'max_features': 300, 'learning_rate': 0.1, 'max_depth': 3}

Parameters with rank: 2
Mean validation score: 0.9323 (std: 0.0080)
Parameters: {'max_features': 22, 'learning_rate': 0.1, 'max_depth': 3}

Parameters with rank: 3
Mean validation score: 0.9315 (std: 0.0098)
Parameters: {'max_features': 100, 'learning_rate': 0.1, 'max_depth': 3}

Parameters with rank: 4
Mean validation score: 0.9313 (std: 0.0068)
Parameters: {'max_features': 22, 'learning_rate': 0.05, 'max_depth': 3}

Parameters with rank: 5
Mean validation score: 0.9313 (std: 0.0069)
Parameters: {'max_features': 300, 'learning_rate': 0.05, 'max_depth': 3}

